fd(A, B)
a a
a ab
a abc
a abcd
a abcde
a abce
a abd
a abde
a abe
a ac
a acd
a acde
a ace
a ad
a ade
a ae
a b
a bc
a bcd
a bcde
a bce
a bd
a bde
a be
a c
a cd
a cde
a ce
a d
a de
a e
ab a
ab ab
ab abc
ab abcd
ab abcde
ab abce
ab abd
ab abde
ab abe
ab ac
ab acd
ab acde
ab ace
ab ad
ab ade
ab ae
ab b
ab bc
ab bcd
ab bcde
ab bce
ab bd
ab bde
ab be
ab c
ab cd
ab cde
ab ce
ab d
ab de
ab e
abc a
abc ab
abc abc
abc abcd
abc abcde
abc abce
abc abd
abc abde
abc abe
abc ac
abc acd
abc acde
abc ace
abc ad
abc ade
abc ae
abc b
abc bc
abc bcd
abc bcde
abc bce
abc bd
abc bde
abc be
abc c
abc cd
abc cde
abc ce
abc d
abc de
abc e
abcd a
abcd ab
abcd abc
abcd abcd
abcd abcde
abcd abce
abcd abd
abcd abde
abcd abe
abcd ac
abcd acd
abcd acde
abcd ace
abcd ad
abcd ade
abcd ae
abcd b
abcd bc
abcd bcd
abcd bcde
abcd bce
abcd bd
abcd bde
abcd be
abcd c
abcd cd
abcd cde
abcd ce
abcd d
abcd de
abcd e
abcde a
abcde ab
abcde abc
abcde abcd
abcde abcde
abcde abce
abcde abd
abcde abde
abcde abe
abcde ac
abcde acd
abcde acde
abcde ace
abcde ad
abcde ade
abcde ae
abcde b
abcde bc
abcde bcd
abcde bcde
abcde bce
abcde bd
abcde bde
abcde be
abcde c
abcde cd
abcde cde
abcde ce
abcde d
abcde de
abcde e
abce a
abce ab
abce abc
abce abcd
abce abcde
abce abce
abce abd
abce abde
abce abe
abce ac
abce acd
abce acde
abce ace
abce ad
abce ade
abce ae
abce b
abce bc
abce bcd
abce bcde
abce bce
abce bd
abce bde
abce be
abce c
abce cd
abce cde
abce ce
abce d
abce de
abce e
abd a
abd ab
abd abc
abd abcd
abd abcde
abd abce
abd abd
abd abde
abd abe
abd ac
abd acd
abd acde
abd ace
abd ad
abd ade
abd ae
abd b
abd bc
abd bcd
abd bcde
abd bce
abd bd
abd bde
abd be
abd c
abd cd
abd cde
abd ce
abd d
abd de
abd e
abde a
abde ab
abde abc
abde abcd
abde abcde
abde abce
abde abd
abde abde
abde abe
abde ac
abde acd
abde acde
abde ace
abde ad
abde ade
abde ae
abde b
abde bc
abde bcd
abde bcde
abde bce
abde bd
abde bde
abde be
abde c
abde cd
abde cde
abde ce
abde d
abde de
abde e
abe a
abe ab
abe abc
abe abcd
abe abcde
abe abce
abe abd
abe abde
abe abe
abe ac
abe acd
abe acde
abe ace
abe ad
abe ade
abe ae
abe b
abe bc
abe bcd
abe bcde
abe bce
abe bd
abe bde
abe be
abe c
abe cd
abe cde
abe ce
abe d
abe de
abe e
ac a
ac ab
ac abc
ac abcd
ac abcde
ac abce
ac abd
ac abde
ac abe
ac ac
ac acd
ac acde
ac ace
ac ad
ac ade
ac ae
ac b
ac bc
ac bcd
ac bcde
ac bce
ac bd
ac bde
ac be
ac c
ac cd
ac cde
ac ce
ac d
ac de
ac e
acd a
acd ab
acd abc
acd abcd
acd abcde
acd abce
acd abd
acd abde
acd abe
acd ac
acd acd
acd acde
acd ace
acd ad
acd ade
acd ae
acd b
acd bc
acd bcd
acd bcde
acd bce
acd bd
acd bde
acd be
acd c
acd cd
acd cde
acd ce
acd d
acd de
acd e
acde a
acde ab
acde abc
acde abcd
acde abcde
acde abce
acde abd
acde abde
acde abe
acde ac
acde acd
acde acde
acde ace
acde ad
acde ade
acde ae
acde b
acde bc
acde bcd
acde bcde
acde bce
acde bd
acde bde
acde be
acde c
acde cd
acde cde
acde ce
acde d
acde de
acde e
ace a
ace ab
ace abc
ace abcd
ace abcde
ace abce
ace abd
ace abde
ace abe
ace ac
ace acd
ace acde
ace ace
ace ad
ace ade
ace ae
ace b
ace bc
ace bcd
ace bcde
ace bce
ace bd
ace bde
ace be
ace c
ace cd
ace cde
ace ce
ace d
ace de
ace e
ad a
ad ab
ad abc
ad abcd
ad abcde
ad abce
ad abd
ad abde
ad abe
ad ac
ad acd
ad acde
ad ace
ad ad
ad ade
ad ae
ad b
ad bc
ad bcd
ad bcde
ad bce
ad bd
ad bde
ad be
ad c
ad cd
ad cde
ad ce
ad d
ad de
ad e
ade a
ade ab
ade abc
ade abcd
ade abcde
ade abce
ade abd
ade abde
ade abe
ade ac
ade acd
ade acde
ade ace
ade ad
ade ade
ade ae
ade b
ade bc
ade bcd
ade bcde
ade bce
ade bd
ade bde
ade be
ade c
ade cd
ade cde
ade ce
ade d
ade de
ade e
ae a
ae ab
ae abc
ae abcd
ae abcde
ae abce
ae abd
ae abde
ae abe
ae ac
ae acd
ae acde
ae ace
ae ad
ae ade
ae ae
ae b
ae bc
ae bcd
ae bcde
ae bce
ae bd
ae bde
ae be
ae c
ae cd
ae cde
ae ce
ae d
ae de
ae e
b b
b bd
b d
bc a
bc ab
bc abc
bc abcd
bc abcde
bc abce
bc abd
bc abde
bc abe
bc ac
bc acd
bc acde
bc ace
bc ad
bc ade
bc ae
bc b
bc bc
bc bcd
bc bcde
bc bce
bc bd
bc bde
bc be
bc c
bc cd
bc cde
bc ce
bc d
bc de
bc e
bcd a
bcd ab
bcd abc
bcd abcd
bcd abcde
bcd abce
bcd abd
bcd abde
bcd abe
bcd ac
bcd acd
bcd acde
bcd ace
bcd ad
bcd ade
bcd ae
bcd b
bcd bc
bcd bcd
bcd bcde
bcd bce
bcd bd
bcd bde
bcd be
bcd c
bcd cd
bcd cde
bcd ce
bcd d
bcd de
bcd e
bcde a
bcde ab
bcde abc
bcde abcd
bcde abcde
bcde abce
bcde abd
bcde abde
bcde abe
bcde ac
bcde acd
bcde acde
bcde ace
bcde ad
bcde ade
bcde ae
bcde b
bcde bc
bcde bcd
bcde bcde
bcde bce
bcde bd
bcde bde
bcde be
bcde c
bcde cd
bcde cde
bcde ce
bcde d
bcde de
bcde e
bce a
bce ab
bce abc
bce abcd
bce abcde
bce abce
bce abd
bce abde
bce abe
bce ac
bce acd
bce acde
bce ace
bce ad
bce ade
bce ae
bce b
bce bc
bce bcd
bce bcde
bce bce
bce bd
bce bde
bce be
bce c
bce cd
bce cde
bce ce
bce d
bce de
bce e
bd b
bd bd
bd d
bde a
bde ab
bde abc
bde abcd
bde abcde
bde abce
bde abd
bde abde
bde abe
bde ac
bde acd
bde acde
bde ace
bde ad
bde ade
bde ae
bde b
bde bc
bde bcd
bde bcde
bde bce
bde bd
bde bde
bde be
bde c
bde cd
bde cde
bde ce
bde d
bde de
bde e
be a
be ab
be abc
be abcd
be abcde
be abce
be abd
be abde
be abe
be ac
be acd
be acde
be ace
be ad
be ade
be ae
be b
be bc
be bcd
be bcde
be bce
be bd
be bde
be be
be c
be cd
be cde
be ce
be d
be de
be e
c c
cd a
cd ab
cd abc
cd abcd
cd abcde
cd abce
cd abd
cd abde
cd abe
cd ac
cd acd
cd acde
cd ace
cd ad
cd ade
cd ae
cd b
cd bc
cd bcd
cd bcde
cd bce
cd bd
cd bde
cd be
cd c
cd cd
cd cde
cd ce
cd d
cd de
cd e
cde a
cde ab
cde abc
cde abcd
cde abcde
cde abce
cde abd
cde abde
cde abe
cde ac
cde acd
cde acde
cde ace
cde ad
cde ade
cde ae
cde b
cde bc
cde bcd
cde bcde
cde bce
cde bd
cde bde
cde be
cde c
cde cd
cde cde
cde ce
cde d
cde de
cde e
ce a
ce ab
ce abc
ce abcd
ce abcde
ce abce
ce abd
ce abde
ce abe
ce ac
ce acd
ce acde
ce ace
ce ad
ce ade
ce ae
ce b
ce bc
ce bcd
ce bcde
ce bce
ce bd
ce bde
ce be
ce c
ce cd
ce cde
ce ce
ce d
ce de
ce e
d d
de a
de ab
de abc
de abcd
de abcde
de abce
de abd
de abde
de abe
de ac
de acd
de acde
de ace
de ad
de ade
de ae
de b
de bc
de bcd
de bcde
de bce
de bd
de bde
de be
de c
de cd
de cde
de ce
de d
de de
de e
e a
e ab
e abc
e abcd
e abcde
e abce
e abd
e abde
e abe
e ac
e acd
e acde
e ace
e ad
e ade
e ae
e b
e bc
e bcd
e bcde
e bce
e bd
e bde
e be
e c
e cd
e cde
e ce
e d
e de
e e
fd(A, abcde)
a
ab
abc
abcd
abcde
abce
abd
abde
abe
ac
acd
acde
ace
ad
ade
ae
bc
bcd
bcde
bce
bde
be
cd
cde
ce
de
e